INFO 2024-08-09 12:08:37,655 autoreload 2052 7456 Watching for file changes with StatReloader
INFO 2024-08-09 12:08:49,570 basehttp 2052 10360 "POST /forms/user/add/ HTTP/1.1" 200 858
INFO 2024-08-09 12:10:11,316 autoreload 4884 11224 Watching for file changes with StatReloader
INFO 2024-08-09 12:10:14,994 basehttp 4884 5408 "POST /forms/user/add/ HTTP/1.1" 200 858
INFO 2024-08-09 12:10:17,260 basehttp 4884 5408 "POST /forms/user/add/ HTTP/1.1" 200 858
INFO 2024-08-09 13:14:23,330 autoreload 300 14652 Watching for file changes with StatReloader
INFO 2024-08-09 13:14:29,199 basehttp 300 1336 "POST /forms/user/add/ HTTP/1.1" 200 858
INFO 2024-08-09 13:14:35,848 basehttp 300 1336 "POST /forms/user/add/ HTTP/1.1" 200 858
INFO 2024-08-09 13:14:46,580 basehttp 300 1336 "POST /forms/user/add/ HTTP/1.1" 200 858
INFO 2024-08-09 13:14:49,857 basehttp 300 1336 "POST /forms/user/add/ HTTP/1.1" 200 858
INFO 2024-08-09 13:15:08,292 autoreload 300 14652 D:\GeekBrains\My_graduation_project_GB\recipesbook\formsapp\views.py changed, reloading.
INFO 2024-08-09 13:15:09,150 autoreload 10964 2816 Watching for file changes with StatReloader
INFO 2024-08-09 13:15:12,757 autoreload 15556 8880 Watching for file changes with StatReloader
INFO 2024-08-09 13:15:17,509 views 15556 12148 Получили name='hhhhh', email='fs@er.rew', age=100
INFO 2024-08-09 13:15:17,536 basehttp 15556 12148 "POST /forms/user/add/ HTTP/1.1" 200 858
INFO 2024-08-09 13:15:26,819 views 15556 12148 Получили name='hhhhh', email='fs@er.rew', age=100
INFO 2024-08-09 13:15:26,824 basehttp 15556 12148 "POST /forms/user/add/ HTTP/1.1" 200 858
INFO 2024-08-09 13:17:57,762 autoreload 8512 10124 Watching for file changes with StatReloader
INFO 2024-08-09 13:18:01,043 views 8512 14312 Получили name='hhhhh', email='fs@er.rew', age=100
INFO 2024-08-09 13:18:01,065 basehttp 8512 14312 "POST /forms/user/add/ HTTP/1.1" 200 858
INFO 2024-08-09 13:18:02,152 views 8512 14312 Получили name='hhhhh', email='fs@er.rew', age=100
INFO 2024-08-09 13:18:02,155 basehttp 8512 14312 "POST /forms/user/add/ HTTP/1.1" 200 858
INFO 2024-08-09 14:21:24,597 autoreload 6784 7920 Watching for file changes with StatReloader
INFO 2024-08-09 14:21:45,666 basehttp 6784 6788 "GET /forms/manyforms HTTP/1.1" 301 0
INFO 2024-08-09 14:21:45,731 basehttp 6784 1908 "GET /forms/manyforms/ HTTP/1.1" 200 1468
INFO 2024-08-09 14:22:30,556 views 6784 1908 Get form.cleaned_data={'name': 'Артем Геннадьевич Федотов', 'email': 'fedotoff144@inbox.com', 'age': 19, 'height': -1.0, 'is_active': True, 'birthday': datetime.date(2024, 8, 9), 'gender': 'M'}
INFO 2024-08-09 14:22:30,560 basehttp 6784 1908 "POST /forms/manyforms/ HTTP/1.1" 200 1594
INFO 2024-08-09 14:23:15,782 views 6784 1908 Get form.cleaned_data={'name': 'Артем Геннадьевич Федотов', 'email': 'fedotoff144@inbox.com', 'age': 19, 'height': -1.0, 'is_active': True, 'birthday': datetime.date(2024, 8, 9), 'gender': 'M'}
INFO 2024-08-09 14:23:15,789 basehttp 6784 1908 "POST /forms/manyforms/ HTTP/1.1" 200 1594
INFO 2024-08-09 14:23:20,942 autoreload 6784 7920 D:\GeekBrains\My_graduation_project_GB\recipesbook\formsapp\forms.py changed, reloading.
INFO 2024-08-09 14:23:30,646 autoreload 1380 12872 Watching for file changes with StatReloader
INFO 2024-08-09 14:23:37,605 views 1380 9524 Get form.cleaned_data={'name': 'Артем Геннадьевич Федотов', 'email': 'fedotoff144@inbox.com', 'age': 19, 'height': -1.0, 'is_active': True, 'birthday': datetime.date(2024, 8, 9), 'gender': 'M'}
INFO 2024-08-09 14:23:37,615 basehttp 1380 9524 "POST /forms/manyforms/ HTTP/1.1" 200 1594
INFO 2024-08-09 14:26:15,121 autoreload 1380 12872 D:\GeekBrains\My_graduation_project_GB\recipesbook\formsapp\forms.py changed, reloading.
INFO 2024-08-09 14:26:16,094 autoreload 8580 15012 Watching for file changes with StatReloader
INFO 2024-08-09 14:26:27,052 basehttp 8580 15516 "POST /forms/manyforms/ HTTP/1.1" 200 1663
INFO 2024-08-09 14:26:40,847 views 8580 15516 Get form.cleaned_data={'name': 'Артем Геннадьевич Федотов', 'email': 'fedotoff144@inbox.com', 'age': 19, 'height': -1.0, 'is_active': True, 'birthday': datetime.date(2024, 12, 12), 'gender': 'M'}
INFO 2024-08-09 14:26:40,852 basehttp 8580 15516 "POST /forms/manyforms/ HTTP/1.1" 200 1594
INFO 2024-08-09 14:32:46,319 autoreload 8580 15012 D:\GeekBrains\My_graduation_project_GB\recipesbook\formsapp\forms.py changed, reloading.
INFO 2024-08-09 14:32:47,259 autoreload 16168 8816 Watching for file changes with StatReloader
INFO 2024-08-09 14:33:06,456 autoreload 16168 8816 D:\GeekBrains\My_graduation_project_GB\recipesbook\formsapp\forms.py changed, reloading.
INFO 2024-08-09 14:33:07,371 autoreload 292 15980 Watching for file changes with StatReloader
INFO 2024-08-09 14:33:50,139 autoreload 292 15980 D:\GeekBrains\My_graduation_project_GB\recipesbook\formsapp\forms.py changed, reloading.
INFO 2024-08-09 14:33:50,987 autoreload 9384 15736 Watching for file changes with StatReloader
INFO 2024-08-09 14:34:00,927 autoreload 9384 15736 D:\GeekBrains\My_graduation_project_GB\recipesbook\formsapp\forms.py changed, reloading.
INFO 2024-08-09 14:34:01,888 autoreload 340 2132 Watching for file changes with StatReloader
INFO 2024-08-09 14:34:10,613 autoreload 340 2132 D:\GeekBrains\My_graduation_project_GB\recipesbook\formsapp\forms.py changed, reloading.
INFO 2024-08-09 14:34:11,432 autoreload 9336 16148 Watching for file changes with StatReloader
INFO 2024-08-09 14:34:30,475 autoreload 9336 16148 D:\GeekBrains\My_graduation_project_GB\recipesbook\formsapp\forms.py changed, reloading.
INFO 2024-08-09 14:34:31,415 autoreload 10968 15800 Watching for file changes with StatReloader
INFO 2024-08-09 14:54:41,500 autoreload 16196 12800 Watching for file changes with StatReloader
INFO 2024-08-09 14:58:57,962 autoreload 14940 10916 Watching for file changes with StatReloader
INFO 2024-08-09 15:00:43,560 autoreload 3296 4640 Watching for file changes with StatReloader
INFO 2024-08-09 15:01:01,023 basehttp 3296 15288 "GET /forms/mffw HTTP/1.1" 301 0
INFO 2024-08-09 15:01:01,067 basehttp 3296 10708 "GET /forms/mffw/ HTTP/1.1" 200 2223
INFO 2024-08-09 15:01:51,900 views 3296 10708 Get form.cleaned_data={'name': 'fsf', 'email': 'hhhgkhJ@ll.jkl', 'age': 20, 'height': 0.0, 'is_active': False, 'birthday': datetime.date(2024, 8, 9), 'gender': 'M', 'message': 'fsdfsf'}
INFO 2024-08-09 15:01:51,906 basehttp 3296 10708 "POST /forms/mffw/ HTTP/1.1" 200 2293
INFO 2024-08-09 15:04:26,310 autoreload 5052 16228 Watching for file changes with StatReloader
INFO 2024-08-09 15:04:31,014 views 5052 5492 Get form.cleaned_data={'name': 'fsf', 'email': 'hhhgkhJ@ll.jkl', 'age': 20, 'height': 0.0, 'is_active': False, 'birthday': datetime.date(2024, 8, 9), 'gender': 'M', 'message': 'fsdfsf'}
INFO 2024-08-09 15:04:31,044 basehttp 5052 5492 "POST /forms/mffw/ HTTP/1.1" 200 2293
INFO 2024-08-09 15:16:01,046 autoreload 2312 9308 Watching for file changes with StatReloader
INFO 2024-08-09 15:16:20,717 basehttp 2312 16072 "GET /forms/user/add/ HTTP/1.1" 200 814
INFO 2024-08-09 15:16:43,153 basehttp 2312 16072 "POST /forms/user/add/ HTTP/1.1" 200 1033
INFO 2024-08-09 15:47:22,215 autoreload 15304 15628 Watching for file changes with StatReloader
INFO 2024-08-09 15:47:36,255 basehttp 15304 8808 "POST /forms/user/add/ HTTP/1.1" 200 1060
INFO 2024-08-09 15:47:57,506 basehttp 15304 8808 "POST /forms/user/add/ HTTP/1.1" 200 971
INFO 2024-08-09 15:49:03,543 basehttp 15304 8808 "POST /forms/user/add/ HTTP/1.1" 200 969
INFO 2024-08-09 15:49:20,474 basehttp 15304 8808 "POST /forms/user/add/ HTTP/1.1" 200 890
INFO 2024-08-09 15:49:37,273 basehttp 15304 8808 "POST /forms/user/add/ HTTP/1.1" 200 888
INFO 2024-08-09 15:49:50,897 basehttp 15304 8808 "POST /forms/user/add/ HTTP/1.1" 200 888
INFO 2024-08-09 15:49:58,975 basehttp 15304 8808 "POST /forms/user/add/ HTTP/1.1" 200 888
INFO 2024-08-09 16:32:34,846 autoreload 13812 3132 Watching for file changes with StatReloader
INFO 2024-08-09 16:32:48,698 basehttp 13812 8272 "GET /forms/upload HTTP/1.1" 301 0
INFO 2024-08-09 16:32:48,749 basehttp 13812 8076 "GET /forms/upload/ HTTP/1.1" 200 607
INFO 2024-08-09 16:33:01,334 basehttp 13812 8076 "POST /forms/upload/ HTTP/1.1" 200 607
INFO 2024-08-09 16:33:45,211 basehttp 13812 8076 "POST /forms/upload/ HTTP/1.1" 200 607
INFO 2024-08-09 16:34:21,879 basehttp 13812 8076 "POST /forms/upload/ HTTP/1.1" 200 607
INFO 2024-08-09 16:34:32,513 basehttp 13812 8076 "POST /forms/upload/ HTTP/1.1" 200 607
INFO 2024-08-19 22:35:15,774 autoreload 6732 2412 Watching for file changes with StatReloader
INFO 2024-08-19 22:35:44,362 autoreload 10664 3724 Watching for file changes with StatReloader
INFO 2024-08-19 22:35:51,673 basehttp 10664 11612 "GET / HTTP/1.1" 200 222
WARNING 2024-08-19 22:35:51,817 log 10664 11612 Not Found: /favicon.ico
WARNING 2024-08-19 22:35:51,818 basehttp 10664 11612 "GET /favicon.ico HTTP/1.1" 404 2532
INFO 2024-08-19 22:47:06,462 autoreload 9744 14460 Watching for file changes with StatReloader
INFO 2024-08-19 22:47:24,939 basehttp 9744 13040 "GET /admin HTTP/1.1" 301 0
INFO 2024-08-19 22:47:24,958 basehttp 9744 9032 "GET /admin/ HTTP/1.1" 302 0
INFO 2024-08-19 22:47:25,012 basehttp 9744 9032 "GET /admin/login/?next=/admin/ HTTP/1.1" 200 4158
INFO 2024-08-19 22:47:25,207 basehttp 9744 8200 "GET /static/admin/css/dark_mode.css HTTP/1.1" 200 2682
INFO 2024-08-19 22:47:25,212 basehttp 9744 8200 "GET /static/admin/js/nav_sidebar.js HTTP/1.1" 200 3063
INFO 2024-08-19 22:47:25,216 basehttp 9744 14672 "GET /static/admin/css/nav_sidebar.css HTTP/1.1" 200 2810
INFO 2024-08-19 22:47:25,218 basehttp 9744 9032 "GET /static/admin/css/base.css HTTP/1.1" 200 21544
INFO 2024-08-19 22:47:25,220 basehttp 9744 14356 "GET /static/admin/css/login.css HTTP/1.1" 200 958
INFO 2024-08-19 22:47:25,221 basehttp 9744 5940 "GET /static/admin/css/responsive.css HTTP/1.1" 200 17905
INFO 2024-08-19 22:47:25,221 basehttp 9744 8096 "GET /static/admin/js/theme.js HTTP/1.1" 200 1943
INFO 2024-08-19 22:47:46,849 basehttp 9744 8096 "POST /admin/login/?next=/admin/ HTTP/1.1" 200 4319
INFO 2024-08-19 22:49:24,880 autoreload 9744 14460 D:\GeekBrains\My_graduation_project_GB\recipesbook\recipesbook\settings.py changed, reloading.
INFO 2024-08-19 22:49:25,291 autoreload 6996 14068 Watching for file changes with StatReloader
INFO 2024-08-19 22:49:29,721 basehttp 6996 176 "POST /admin/login/?next=/admin/ HTTP/1.1" 200 4626
INFO 2024-08-19 22:56:09,371 autoreload 12248 13980 Watching for file changes with StatReloader
INFO 2024-08-19 22:56:19,442 basehttp 12248 15620 "POST /admin/login/?next=/admin/ HTTP/1.1" 200 4626
INFO 2024-08-19 22:56:31,605 basehttp 12248 15620 "POST /admin/login/?next=/admin/ HTTP/1.1" 302 0
INFO 2024-08-19 22:56:31,617 basehttp 12248 15620 "GET /admin/ HTTP/1.1" 200 5944
INFO 2024-08-19 22:56:31,659 basehttp 12248 15620 "GET /static/admin/css/dashboard.css HTTP/1.1" 200 441
INFO 2024-08-19 22:56:31,664 basehttp 12248 15692 "GET /static/admin/img/icon-changelink.svg HTTP/1.1" 200 380
INFO 2024-08-19 22:56:31,664 basehttp 12248 15620 "GET /static/admin/img/icon-addlink.svg HTTP/1.1" 200 331
INFO 2024-08-19 22:57:44,698 basehttp 12248 15620 "GET /admin/auth/user/ HTTP/1.1" 200 11914
INFO 2024-08-19 22:57:44,722 basehttp 12248 15620 "GET /static/admin/css/changelists.css HTTP/1.1" 200 6811
INFO 2024-08-19 22:57:44,724 basehttp 12248 6668 "GET /static/admin/js/core.js HTTP/1.1" 200 6208
INFO 2024-08-19 22:57:44,726 basehttp 12248 15784 "GET /static/admin/js/jquery.init.js HTTP/1.1" 200 347
INFO 2024-08-19 22:57:44,727 basehttp 12248 15692 "GET /admin/jsi18n/ HTTP/1.1" 200 17546
INFO 2024-08-19 22:57:44,728 basehttp 12248 15788 "GET /static/admin/js/admin/RelatedObjectLookups.js HTTP/1.1" 200 9042
INFO 2024-08-19 22:57:44,729 basehttp 12248 6668 "GET /static/admin/js/urlify.js HTTP/1.1" 200 7887
INFO 2024-08-19 22:57:44,729 basehttp 12248 15620 "GET /static/admin/js/actions.js HTTP/1.1" 200 8067
INFO 2024-08-19 22:57:44,733 basehttp 12248 15784 "GET /static/admin/js/prepopulate.js HTTP/1.1" 200 1531
INFO 2024-08-19 22:57:44,734 basehttp 12248 6668 "GET /static/admin/img/search.svg HTTP/1.1" 200 458
INFO 2024-08-19 22:57:44,735 basehttp 12248 15620 "GET /static/admin/img/icon-yes.svg HTTP/1.1" 200 436
INFO 2024-08-19 22:57:44,738 basehttp 12248 15692 "GET /static/admin/js/vendor/xregexp/xregexp.js HTTP/1.1" 200 325171
INFO 2024-08-19 22:57:44,739 basehttp 12248 15776 "GET /static/admin/js/vendor/jquery/jquery.js HTTP/1.1" 200 285314
INFO 2024-08-19 22:57:44,744 basehttp 12248 15776 "GET /static/admin/js/filters.js HTTP/1.1" 200 978
INFO 2024-08-19 22:57:44,767 basehttp 12248 15620 "GET /static/admin/img/icon-viewlink.svg HTTP/1.1" 200 581
INFO 2024-08-19 22:57:44,768 basehttp 12248 15692 "GET /static/admin/img/sorting-icons.svg HTTP/1.1" 200 1097
INFO 2024-08-19 22:57:44,768 basehttp 12248 15776 "GET /static/admin/img/tooltag-add.svg HTTP/1.1" 200 331
INFO 2024-08-19 22:57:50,878 basehttp 12248 15776 "GET /admin/auth/group/ HTTP/1.1" 200 7783
INFO 2024-08-19 22:57:50,896 basehttp 12248 15776 "GET /admin/jsi18n/ HTTP/1.1" 200 17546
INFO 2024-08-19 22:57:53,977 basehttp 12248 15776 "GET /admin/auth/user/ HTTP/1.1" 200 11914
INFO 2024-08-19 22:57:53,994 basehttp 12248 15776 "GET /admin/jsi18n/ HTTP/1.1" 200 17546
INFO 2024-08-19 23:07:25,735 basehttp 12248 6668 "GET /admin/auth/user/1/change/ HTTP/1.1" 200 24812
INFO 2024-08-19 23:07:25,754 basehttp 12248 12544 "GET /static/admin/js/calendar.js HTTP/1.1" 200 9141
INFO 2024-08-19 23:07:25,756 basehttp 12248 6668 "GET /static/admin/css/forms.css HTTP/1.1" 200 9090
INFO 2024-08-19 23:07:25,757 basehttp 12248 12700 "GET /static/admin/js/SelectBox.js HTTP/1.1" 200 4530
INFO 2024-08-19 23:07:25,757 basehttp 12248 10992 "GET /static/admin/js/admin/DateTimeShortcuts.js HTTP/1.1" 200 19319
INFO 2024-08-19 23:07:25,759 basehttp 12248 1200 "GET /static/admin/js/SelectFilter2.js HTTP/1.1" 200 15492
INFO 2024-08-19 23:07:25,762 basehttp 12248 12700 "GET /static/admin/css/widgets.css HTTP/1.1" 200 11800
INFO 2024-08-19 23:07:25,762 basehttp 12248 15808 "GET /admin/jsi18n/ HTTP/1.1" 200 17546
INFO 2024-08-19 23:07:25,762 basehttp 12248 1200 "GET /static/admin/js/prepopulate_init.js HTTP/1.1" 200 586
INFO 2024-08-19 23:07:25,766 basehttp 12248 1200 "GET /static/admin/js/change_form.js HTTP/1.1" 200 606
INFO 2024-08-19 23:07:25,813 basehttp 12248 1200 "GET /static/admin/img/icon-unknown.svg HTTP/1.1" 200 655
INFO 2024-08-19 23:07:25,813 basehttp 12248 15808 "GET /static/admin/img/selector-icons.svg HTTP/1.1" 200 3291
INFO 2024-08-19 23:07:25,814 basehttp 12248 10992 "GET /static/admin/img/icon-calendar.svg HTTP/1.1" 200 1086
INFO 2024-08-19 23:07:25,814 basehttp 12248 12700 "GET /static/admin/img/icon-unknown-alt.svg HTTP/1.1" 200 655
INFO 2024-08-19 23:07:25,814 basehttp 12248 6668 "GET /static/admin/img/icon-clock.svg HTTP/1.1" 200 677
INFO 2024-08-19 23:07:45,990 basehttp 12248 6668 "GET /admin/auth/user/ HTTP/1.1" 200 11914
INFO 2024-08-19 23:07:51,672 basehttp 12248 6668 "GET /admin/auth/user/add/ HTTP/1.1" 200 11238
INFO 2024-08-19 23:07:51,692 basehttp 12248 6668 "GET /admin/jsi18n/ HTTP/1.1" 200 17546
INFO 2024-08-19 23:08:53,446 basehttp 12248 6668 "POST /admin/auth/user/add/ HTTP/1.1" 200 11510
INFO 2024-08-19 23:08:53,465 basehttp 12248 6668 "GET /admin/jsi18n/ HTTP/1.1" 200 17546
INFO 2024-08-19 23:09:27,294 basehttp 12248 6668 "POST /admin/auth/user/add/ HTTP/1.1" 302 0
INFO 2024-08-19 23:09:27,315 basehttp 12248 6668 "GET /admin/auth/user/2/change/ HTTP/1.1" 200 25030
INFO 2024-08-19 23:09:27,335 basehttp 12248 6668 "GET /admin/jsi18n/ HTTP/1.1" 200 17546
INFO 2024-08-19 23:11:42,942 basehttp 12248 6668 "POST /admin/auth/user/2/change/ HTTP/1.1" 302 0
INFO 2024-08-19 23:11:42,955 basehttp 12248 6668 "GET /admin/auth/user/ HTTP/1.1" 200 12638
INFO 2024-08-19 23:11:42,977 basehttp 12248 6668 "GET /admin/jsi18n/ HTTP/1.1" 200 17546
INFO 2024-08-19 23:11:50,007 basehttp 12248 6668 "GET /admin/auth/group/ HTTP/1.1" 200 7783
INFO 2024-08-19 23:11:50,029 basehttp 12248 6668 "GET /admin/jsi18n/ HTTP/1.1" 200 17546
INFO 2024-08-19 23:11:55,699 basehttp 12248 6668 "GET /admin/auth/group/add/ HTTP/1.1" 200 14169
INFO 2024-08-19 23:11:55,717 basehttp 12248 6668 "GET /admin/jsi18n/ HTTP/1.1" 200 17546
INFO 2024-08-19 23:12:57,172 basehttp 12248 6668 "POST /admin/auth/group/add/ HTTP/1.1" 302 0
INFO 2024-08-19 23:12:57,183 basehttp 12248 6668 "GET /admin/auth/group/ HTTP/1.1" 200 9518
INFO 2024-08-19 23:12:57,204 basehttp 12248 6668 "GET /admin/jsi18n/ HTTP/1.1" 200 17546
INFO 2024-08-19 23:12:59,389 basehttp 12248 6668 "GET /admin/auth/user/ HTTP/1.1" 200 12724
INFO 2024-08-19 23:12:59,408 basehttp 12248 6668 "GET /admin/jsi18n/ HTTP/1.1" 200 17546
INFO 2024-08-19 23:13:12,303 basehttp 12248 6668 "GET /admin/auth/user/2/change/ HTTP/1.1" 200 24797
INFO 2024-08-19 23:13:12,324 basehttp 12248 6668 "GET /admin/jsi18n/ HTTP/1.1" 200 17546
INFO 2024-08-19 23:13:26,952 basehttp 12248 6668 "POST /admin/auth/user/2/change/ HTTP/1.1" 302 0
INFO 2024-08-19 23:13:26,966 basehttp 12248 6668 "GET /admin/auth/user/ HTTP/1.1" 200 12944
INFO 2024-08-19 23:13:26,989 basehttp 12248 6668 "GET /admin/jsi18n/ HTTP/1.1" 200 17546
INFO 2024-08-19 23:13:39,394 basehttp 12248 6668 "POST /admin/logout/ HTTP/1.1" 200 3817
INFO 2024-08-19 23:13:42,789 basehttp 12248 6668 "GET /admin/ HTTP/1.1" 302 0
INFO 2024-08-19 23:13:42,797 basehttp 12248 6668 "GET /admin/login/?next=/admin/ HTTP/1.1" 200 4359
INFO 2024-08-19 23:14:03,591 basehttp 12248 6668 "POST /admin/login/?next=/admin/ HTTP/1.1" 302 0
INFO 2024-08-19 23:14:03,600 basehttp 12248 6668 "GET /admin/ HTTP/1.1" 200 4890
INFO 2024-08-19 23:23:45,457 autoreload 3228 11340 Watching for file changes with StatReloader
INFO 2024-08-19 23:23:53,979 basehttp 3228 4820 "GET /admin/ HTTP/1.1" 200 4890
INFO 2024-08-19 23:23:59,140 basehttp 3228 4820 "POST /admin/logout/ HTTP/1.1" 200 3817
INFO 2024-08-19 23:24:01,915 basehttp 3228 4820 "GET /admin/ HTTP/1.1" 302 0
INFO 2024-08-19 23:24:01,925 basehttp 3228 4820 "GET /admin/login/?next=/admin/ HTTP/1.1" 200 4359
INFO 2024-08-19 23:24:15,356 basehttp 3228 4820 "POST /admin/login/?next=/admin/ HTTP/1.1" 302 0
INFO 2024-08-19 23:24:15,366 basehttp 3228 4820 "GET /admin/ HTTP/1.1" 200 8596
INFO 2024-08-19 23:43:59,408 autoreload 3228 11340 D:\GeekBrains\My_graduation_project_GB\recipesbook\adminapp\admin.py changed, reloading.
INFO 2024-08-19 23:43:59,854 autoreload 12012 13788 Watching for file changes with StatReloader
INFO 2024-08-19 23:48:37,847 autoreload 12012 13788 D:\GeekBrains\My_graduation_project_GB\recipesbook\tmpltapp\admin.py changed, reloading.
INFO 2024-08-19 23:48:38,220 autoreload 15300 184 Watching for file changes with StatReloader
INFO 2024-08-19 23:48:52,810 basehttp 15300 2784 "GET /admin/ HTTP/1.1" 200 9731
INFO 2024-08-19 23:52:45,666 basehttp 15300 2784 "POST /admin/logout/ HTTP/1.1" 200 3817
INFO 2024-08-19 23:52:47,619 basehttp 15300 2784 "GET /admin/ HTTP/1.1" 302 0
INFO 2024-08-19 23:52:47,633 basehttp 15300 2784 "GET /admin/login/?next=/admin/ HTTP/1.1" 200 4359
INFO 2024-08-19 23:52:58,575 basehttp 15300 2784 "POST /admin/login/?next=/admin/ HTTP/1.1" 302 0
INFO 2024-08-19 23:52:58,586 basehttp 15300 2784 "GET /admin/ HTTP/1.1" 200 5443
INFO 2024-08-19 23:53:19,794 basehttp 15300 2784 "GET /admin/tmpltapp/post/ HTTP/1.1" 200 17719
INFO 2024-08-19 23:53:25,844 basehttp 15300 2784 "GET /admin/tmpltapp/post/94/change/ HTTP/1.1" 200 10645
INFO 2024-08-19 23:53:25,871 basehttp 15300 2784 "GET /admin/jsi18n/ HTTP/1.1" 200 17546
INFO 2024-08-19 23:53:29,379 basehttp 15300 2784 "GET /admin/tmpltapp/post/ HTTP/1.1" 200 17719
INFO 2024-08-19 23:53:34,828 basehttp 15300 2784 "GET /admin/tmpltapp/post/100/change/ HTTP/1.1" 200 10644
INFO 2024-08-19 23:53:34,850 basehttp 15300 2784 "GET /admin/jsi18n/ HTTP/1.1" 200 17546
INFO 2024-08-19 23:53:40,813 basehttp 15300 2784 "POST /admin/tmpltapp/post/100/change/ HTTP/1.1" 302 0
INFO 2024-08-19 23:53:40,830 basehttp 15300 2784 "GET /admin/tmpltapp/post/ HTTP/1.1" 200 17938
INFO 2024-08-19 23:54:03,590 basehttp 15300 2784 "POST /admin/logout/ HTTP/1.1" 200 3817
INFO 2024-08-19 23:54:05,280 basehttp 15300 2784 "GET /admin/ HTTP/1.1" 302 0
INFO 2024-08-19 23:54:05,287 basehttp 15300 2784 "GET /admin/login/?next=/admin/ HTTP/1.1" 200 4359
INFO 2024-08-19 23:54:11,551 basehttp 15300 2784 "POST /admin/login/?next=/admin/ HTTP/1.1" 302 0
INFO 2024-08-19 23:54:11,561 basehttp 15300 2784 "GET /admin/ HTTP/1.1" 200 9731
INFO 2024-08-19 23:54:14,138 basehttp 15300 2784 "GET /admin/tmpltapp/post/ HTTP/1.1" 200 45007
INFO 2024-08-19 23:54:14,158 basehttp 15300 2784 "GET /admin/jsi18n/ HTTP/1.1" 200 17546
INFO 2024-08-19 23:54:16,112 basehttp 15300 2784 "GET /admin/tmpltapp/post/100/change/ HTTP/1.1" 200 13878
INFO 2024-08-19 23:54:16,133 basehttp 15300 2784 "GET /admin/jsi18n/ HTTP/1.1" 200 17546
INFO 2024-08-19 23:54:23,078 basehttp 15300 2784 "GET /admin/ HTTP/1.1" 200 9731
INFO 2024-08-19 23:54:33,710 basehttp 15300 2784 "GET /admin/adminapp/category/ HTTP/1.1" 200 9148
INFO 2024-08-19 23:54:33,729 basehttp 15300 2784 "GET /admin/jsi18n/ HTTP/1.1" 200 17546
INFO 2024-08-21 22:07:52,327 autoreload 12504 15676 Watching for file changes with StatReloader
INFO 2024-08-21 22:07:58,852 basehttp 12504 18312 "GET /admin/adminapp/category/ HTTP/1.1" 200 9148
INFO 2024-08-21 22:07:58,881 basehttp 12504 18312 "GET /admin/jsi18n/ HTTP/1.1" 200 17546
INFO 2024-08-21 22:08:01,248 basehttp 12504 18312 "GET /admin/adminapp/category/add/ HTTP/1.1" 200 9989
INFO 2024-08-21 22:08:01,270 basehttp 12504 18312 "GET /admin/jsi18n/ HTTP/1.1" 200 17546
INFO 2024-08-21 22:08:38,670 basehttp 12504 18312 "POST /admin/adminapp/category/add/ HTTP/1.1" 302 0
INFO 2024-08-21 22:08:38,685 basehttp 12504 18312 "GET /admin/adminapp/category/ HTTP/1.1" 200 10867
INFO 2024-08-21 22:08:38,704 basehttp 12504 18312 "GET /admin/jsi18n/ HTTP/1.1" 200 17546
INFO 2024-08-21 22:08:43,511 basehttp 12504 18312 "GET /admin/adminapp/category/add/ HTTP/1.1" 200 9989
INFO 2024-08-21 22:08:43,532 basehttp 12504 18312 "GET /admin/jsi18n/ HTTP/1.1" 200 17546
INFO 2024-08-21 22:09:07,923 basehttp 12504 18312 "POST /admin/adminapp/category/add/ HTTP/1.1" 302 0
INFO 2024-08-21 22:09:07,933 basehttp 12504 18312 "GET /admin/adminapp/category/ HTTP/1.1" 200 11193
INFO 2024-08-21 22:09:07,952 basehttp 12504 18312 "GET /admin/jsi18n/ HTTP/1.1" 200 17546
INFO 2024-08-21 22:09:33,972 basehttp 12504 18312 "GET /admin/adminapp/product/ HTTP/1.1" 200 9141
INFO 2024-08-21 22:09:33,993 basehttp 12504 18312 "GET /admin/jsi18n/ HTTP/1.1" 200 17546
INFO 2024-08-21 22:09:35,742 basehttp 12504 18312 "GET /admin/adminapp/product/add/ HTTP/1.1" 200 11852
INFO 2024-08-21 22:09:35,760 basehttp 12504 18312 "GET /admin/jsi18n/ HTTP/1.1" 200 17546
INFO 2024-08-21 22:09:56,913 basehttp 12504 18312 "POST /admin/adminapp/product/add/ HTTP/1.1" 302 0
INFO 2024-08-21 22:09:56,924 basehttp 12504 18312 "GET /admin/adminapp/product/add/ HTTP/1.1" 200 12135
INFO 2024-08-21 22:09:56,945 basehttp 12504 18312 "GET /admin/jsi18n/ HTTP/1.1" 200 17546
INFO 2024-08-21 22:10:51,465 basehttp 12504 18312 "POST /admin/adminapp/product/add/ HTTP/1.1" 302 0
INFO 2024-08-21 22:10:51,477 basehttp 12504 18312 "GET /admin/adminapp/product/add/ HTTP/1.1" 200 12143
INFO 2024-08-21 22:10:51,494 basehttp 12504 18312 "GET /admin/jsi18n/ HTTP/1.1" 200 17546
INFO 2024-08-21 22:11:10,745 basehttp 12504 18312 "GET /admin/adminapp/category/add/?_to_field=id&_popup=1 HTTP/1.1" 200 4446
INFO 2024-08-21 22:11:10,762 basehttp 12504 18312 "GET /admin/jsi18n/ HTTP/1.1" 200 17546
INFO 2024-08-21 22:11:31,581 basehttp 12504 18312 "POST /admin/adminapp/category/add/?_to_field=id&_popup=1 HTTP/1.1" 200 366
INFO 2024-08-21 22:11:31,626 basehttp 12504 18312 "GET /static/admin/js/popup_response.js HTTP/1.1" 200 551
INFO 2024-08-21 22:11:46,952 basehttp 12504 18312 "GET /admin/adminapp/category/3/change/?_to_field=id&_popup=1 HTTP/1.1" 200 4426
INFO 2024-08-21 22:11:46,968 basehttp 12504 18312 "GET /admin/jsi18n/ HTTP/1.1" 200 17546
INFO 2024-08-21 22:11:52,598 basehttp 12504 18312 "POST /admin/adminapp/category/3/change/?_to_field=id&_popup=1 HTTP/1.1" 200 444
INFO 2024-08-21 22:12:00,575 basehttp 12504 18312 "POST /admin/adminapp/product/add/ HTTP/1.1" 302 0
INFO 2024-08-21 22:12:00,587 basehttp 12504 18312 "GET /admin/adminapp/product/ HTTP/1.1" 200 11528
INFO 2024-08-21 22:12:00,607 basehttp 12504 18312 "GET /admin/jsi18n/ HTTP/1.1" 200 17546
INFO 2024-08-21 22:12:05,232 basehttp 12504 18312 "GET /admin/adminapp/product/1/change/ HTTP/1.1" 200 12108
INFO 2024-08-21 22:12:05,252 basehttp 12504 18312 "GET /admin/jsi18n/ HTTP/1.1" 200 17546
INFO 2024-08-21 22:12:07,696 basehttp 12504 18312 "GET /admin/adminapp/category/1/change/?_to_field=id&_popup=1 HTTP/1.1" 200 4423
INFO 2024-08-21 22:12:07,714 basehttp 12504 18312 "GET /admin/jsi18n/ HTTP/1.1" 200 17546
INFO 2024-08-21 22:12:12,579 basehttp 12504 18312 "POST /admin/adminapp/category/1/change/?_to_field=id&_popup=1 HTTP/1.1" 200 443
INFO 2024-08-21 22:12:17,121 basehttp 12504 18312 "POST /admin/adminapp/product/1/change/ HTTP/1.1" 302 0
INFO 2024-08-21 22:12:17,141 basehttp 12504 18312 "GET /admin/adminapp/product/ HTTP/1.1" 200 11532
INFO 2024-08-21 22:12:17,165 basehttp 12504 18312 "GET /admin/jsi18n/ HTTP/1.1" 200 17546
INFO 2024-08-21 22:12:20,929 basehttp 12504 18312 "GET /admin/adminapp/category/ HTTP/1.1" 200 11310
INFO 2024-08-21 22:12:20,952 basehttp 12504 18312 "GET /admin/jsi18n/ HTTP/1.1" 200 17546
INFO 2024-08-21 22:12:22,645 basehttp 12504 18312 "GET /admin/adminapp/category/2/change/ HTTP/1.1" 200 10201
INFO 2024-08-21 22:12:22,676 basehttp 12504 18312 "GET /admin/jsi18n/ HTTP/1.1" 200 17546
INFO 2024-08-21 22:12:26,768 basehttp 12504 18312 "POST /admin/adminapp/category/2/change/ HTTP/1.1" 302 0
INFO 2024-08-21 22:12:26,781 basehttp 12504 18312 "GET /admin/adminapp/category/ HTTP/1.1" 200 11522
INFO 2024-08-21 22:12:26,800 basehttp 12504 18312 "GET /admin/jsi18n/ HTTP/1.1" 200 17546
INFO 2024-08-21 22:12:40,651 basehttp 12504 18312 "GET /admin/adminapp/product/add/ HTTP/1.1" 200 11888
INFO 2024-08-21 22:12:40,671 basehttp 12504 18312 "GET /admin/jsi18n/ HTTP/1.1" 200 17546
INFO 2024-08-21 22:13:07,105 basehttp 12504 18312 "POST /admin/adminapp/product/add/ HTTP/1.1" 302 0
INFO 2024-08-21 22:13:07,119 basehttp 12504 18312 "GET /admin/adminapp/product/ HTTP/1.1" 200 11861
INFO 2024-08-21 22:13:07,137 basehttp 12504 18312 "GET /admin/jsi18n/ HTTP/1.1" 200 17546
INFO 2024-08-21 22:13:34,161 basehttp 12504 18312 "GET /admin/adminapp/product/1/change/ HTTP/1.1" 200 12108
INFO 2024-08-21 22:13:34,187 basehttp 12504 18312 "GET /admin/jsi18n/ HTTP/1.1" 200 17546
INFO 2024-08-21 22:13:41,899 basehttp 12504 18312 "GET /admin/adminapp/product/1/delete/ HTTP/1.1" 200 9199
INFO 2024-08-21 22:13:41,979 basehttp 12504 18312 "GET /static/admin/js/cancel.js HTTP/1.1" 200 884
INFO 2024-08-21 22:13:59,823 basehttp 12504 18312 "POST /admin/adminapp/product/1/delete/ HTTP/1.1" 302 0
INFO 2024-08-21 22:13:59,843 basehttp 12504 18312 "GET /admin/adminapp/product/ HTTP/1.1" 200 11484
INFO 2024-08-21 22:13:59,868 basehttp 12504 18312 "GET /admin/jsi18n/ HTTP/1.1" 200 17546
INFO 2024-08-21 22:15:34,225 basehttp 12504 18312 "GET /admin/adminapp/product/ HTTP/1.1" 200 11322
INFO 2024-08-21 22:15:34,242 basehttp 12504 18312 "GET /admin/jsi18n/ HTTP/1.1" 200 17546
INFO 2024-08-21 22:15:36,077 basehttp 12504 18312 "GET /admin/adminapp/product/4/change/ HTTP/1.1" 200 12112
INFO 2024-08-21 22:15:36,097 basehttp 12504 18312 "GET /admin/jsi18n/ HTTP/1.1" 200 17546
INFO 2024-08-21 22:20:51,451 autoreload 12504 15676 D:\GeekBrains\My_graduation_project_GB\recipesbook\adminapp\models.py changed, reloading.
INFO 2024-08-21 22:20:51,826 autoreload 16692 15440 Watching for file changes with StatReloader
INFO 2024-08-21 22:32:47,295 basehttp 16692 17380 "GET /admin/adminapp/category/ HTTP/1.1" 200 11310
INFO 2024-08-21 22:32:47,313 basehttp 16692 17380 "GET /admin/jsi18n/ HTTP/1.1" 200 17546
ERROR 2024-08-21 22:32:49,022 log 16692 17380 Internal Server Error: /admin/adminapp/product/
Traceback (most recent call last):
  File "D:\GeekBrains\My_graduation_project_GB\venv\Lib\site-packages\django\db\backends\utils.py", line 105, in _execute
    return self.cursor.execute(sql, params)
           ^^^^^^^^^^^^^^^^^^^^^^^^^^^^^^^^
  File "D:\GeekBrains\My_graduation_project_GB\venv\Lib\site-packages\django\db\backends\sqlite3\base.py", line 329, in execute
    return super().execute(query, params)
           ^^^^^^^^^^^^^^^^^^^^^^^^^^^^^^
sqlite3.OperationalError: no such column: adminapp_product.description

The above exception was the direct cause of the following exception:

Traceback (most recent call last):
  File "D:\GeekBrains\My_graduation_project_GB\venv\Lib\site-packages\django\core\handlers\exception.py", line 55, in inner
    response = get_response(request)
               ^^^^^^^^^^^^^^^^^^^^^
  File "D:\GeekBrains\My_graduation_project_GB\venv\Lib\site-packages\django\core\handlers\base.py", line 197, in _get_response
    response = wrapped_callback(request, *callback_args, **callback_kwargs)
               ^^^^^^^^^^^^^^^^^^^^^^^^^^^^^^^^^^^^^^^^^^^^^^^^^^^^^^^^^^^^
  File "D:\GeekBrains\My_graduation_project_GB\venv\Lib\site-packages\django\contrib\admin\options.py", line 716, in wrapper
    return self.admin_site.admin_view(view)(*args, **kwargs)
           ^^^^^^^^^^^^^^^^^^^^^^^^^^^^^^^^^^^^^^^^^^^^^^^^^
  File "D:\GeekBrains\My_graduation_project_GB\venv\Lib\site-packages\django\utils\decorators.py", line 188, in _view_wrapper
    result = _process_exception(request, e)
             ^^^^^^^^^^^^^^^^^^^^^^^^^^^^^^
  File "D:\GeekBrains\My_graduation_project_GB\venv\Lib\site-packages\django\utils\decorators.py", line 186, in _view_wrapper
    response = view_func(request, *args, **kwargs)
               ^^^^^^^^^^^^^^^^^^^^^^^^^^^^^^^^^^^
  File "D:\GeekBrains\My_graduation_project_GB\venv\Lib\site-packages\django\views\decorators\cache.py", line 80, in _view_wrapper
    response = view_func(request, *args, **kwargs)
               ^^^^^^^^^^^^^^^^^^^^^^^^^^^^^^^^^^^
  File "D:\GeekBrains\My_graduation_project_GB\venv\Lib\site-packages\django\contrib\admin\sites.py", line 240, in inner
    return view(request, *args, **kwargs)
           ^^^^^^^^^^^^^^^^^^^^^^^^^^^^^^
  File "D:\GeekBrains\My_graduation_project_GB\venv\Lib\site-packages\django\utils\decorators.py", line 48, in _wrapper
    return bound_method(*args, **kwargs)
           ^^^^^^^^^^^^^^^^^^^^^^^^^^^^^
  File "D:\GeekBrains\My_graduation_project_GB\venv\Lib\site-packages\django\utils\decorators.py", line 188, in _view_wrapper
    result = _process_exception(request, e)
             ^^^^^^^^^^^^^^^^^^^^^^^^^^^^^^
  File "D:\GeekBrains\My_graduation_project_GB\venv\Lib\site-packages\django\utils\decorators.py", line 186, in _view_wrapper
    response = view_func(request, *args, **kwargs)
               ^^^^^^^^^^^^^^^^^^^^^^^^^^^^^^^^^^^
  File "D:\GeekBrains\My_graduation_project_GB\venv\Lib\site-packages\django\contrib\admin\options.py", line 2124, in changelist_view
    "selection_note": _("0 of %(cnt)s selected") % {"cnt": len(cl.result_list)},
                                                           ^^^^^^^^^^^^^^^^^^^
  File "D:\GeekBrains\My_graduation_project_GB\venv\Lib\site-packages\django\db\models\query.py", line 382, in __len__
    self._fetch_all()
  File "D:\GeekBrains\My_graduation_project_GB\venv\Lib\site-packages\django\db\models\query.py", line 1928, in _fetch_all
    self._result_cache = list(self._iterable_class(self))
                         ^^^^^^^^^^^^^^^^^^^^^^^^^^^^^^^^
  File "D:\GeekBrains\My_graduation_project_GB\venv\Lib\site-packages\django\db\models\query.py", line 91, in __iter__
    results = compiler.execute_sql(
              ^^^^^^^^^^^^^^^^^^^^^
  File "D:\GeekBrains\My_graduation_project_GB\venv\Lib\site-packages\django\db\models\sql\compiler.py", line 1562, in execute_sql
    cursor.execute(sql, params)
  File "D:\GeekBrains\My_graduation_project_GB\venv\Lib\site-packages\django\db\backends\utils.py", line 122, in execute
    return super().execute(sql, params)
           ^^^^^^^^^^^^^^^^^^^^^^^^^^^^
  File "D:\GeekBrains\My_graduation_project_GB\venv\Lib\site-packages\django\db\backends\utils.py", line 79, in execute
    return self._execute_with_wrappers(
           ^^^^^^^^^^^^^^^^^^^^^^^^^^^^
  File "D:\GeekBrains\My_graduation_project_GB\venv\Lib\site-packages\django\db\backends\utils.py", line 92, in _execute_with_wrappers
    return executor(sql, params, many, context)
           ^^^^^^^^^^^^^^^^^^^^^^^^^^^^^^^^^^^^
  File "D:\GeekBrains\My_graduation_project_GB\venv\Lib\site-packages\django\db\backends\utils.py", line 100, in _execute
    with self.db.wrap_database_errors:
  File "D:\GeekBrains\My_graduation_project_GB\venv\Lib\site-packages\django\db\utils.py", line 91, in __exit__
    raise dj_exc_value.with_traceback(traceback) from exc_value
  File "D:\GeekBrains\My_graduation_project_GB\venv\Lib\site-packages\django\db\backends\utils.py", line 105, in _execute
    return self.cursor.execute(sql, params)
           ^^^^^^^^^^^^^^^^^^^^^^^^^^^^^^^^
  File "D:\GeekBrains\My_graduation_project_GB\venv\Lib\site-packages\django\db\backends\sqlite3\base.py", line 329, in execute
    return super().execute(query, params)
           ^^^^^^^^^^^^^^^^^^^^^^^^^^^^^^
django.db.utils.OperationalError: no such column: adminapp_product.description
ERROR 2024-08-21 22:32:49,029 basehttp 16692 17380 "GET /admin/adminapp/product/ HTTP/1.1" 500 180724
INFO 2024-08-21 22:32:52,507 basehttp 16692 17380 "GET /admin/adminapp/category/ HTTP/1.1" 200 11310
INFO 2024-08-21 22:32:54,477 basehttp 16692 17380 "GET /admin/adminapp/category/ HTTP/1.1" 200 11310
INFO 2024-08-21 22:32:54,495 basehttp 16692 17380 "GET /admin/jsi18n/ HTTP/1.1" 200 17546
INFO 2024-08-21 22:32:58,585 basehttp 16692 17380 "GET /admin/tmpltapp/author/ HTTP/1.1" 200 14583
INFO 2024-08-21 22:32:58,603 basehttp 16692 17380 "GET /admin/jsi18n/ HTTP/1.1" 200 17546
INFO 2024-08-21 22:33:00,662 basehttp 16692 17380 "GET /admin/tmpltapp/post/ HTTP/1.1" 200 45007
INFO 2024-08-21 22:33:00,684 basehttp 16692 17380 "GET /admin/jsi18n/ HTTP/1.1" 200 17546
INFO 2024-08-21 22:33:03,238 basehttp 16692 17380 "GET /admin/adminapp/category/ HTTP/1.1" 200 11310
INFO 2024-08-21 22:33:03,257 basehttp 16692 17380 "GET /admin/jsi18n/ HTTP/1.1" 200 17546
ERROR 2024-08-21 22:33:04,512 log 16692 17380 Internal Server Error: /admin/adminapp/product/
Traceback (most recent call last):
  File "D:\GeekBrains\My_graduation_project_GB\venv\Lib\site-packages\django\db\backends\utils.py", line 105, in _execute
    return self.cursor.execute(sql, params)
           ^^^^^^^^^^^^^^^^^^^^^^^^^^^^^^^^
  File "D:\GeekBrains\My_graduation_project_GB\venv\Lib\site-packages\django\db\backends\sqlite3\base.py", line 329, in execute
    return super().execute(query, params)
           ^^^^^^^^^^^^^^^^^^^^^^^^^^^^^^
sqlite3.OperationalError: no such column: adminapp_product.description

The above exception was the direct cause of the following exception:

Traceback (most recent call last):
  File "D:\GeekBrains\My_graduation_project_GB\venv\Lib\site-packages\django\core\handlers\exception.py", line 55, in inner
    response = get_response(request)
               ^^^^^^^^^^^^^^^^^^^^^
  File "D:\GeekBrains\My_graduation_project_GB\venv\Lib\site-packages\django\core\handlers\base.py", line 197, in _get_response
    response = wrapped_callback(request, *callback_args, **callback_kwargs)
               ^^^^^^^^^^^^^^^^^^^^^^^^^^^^^^^^^^^^^^^^^^^^^^^^^^^^^^^^^^^^
  File "D:\GeekBrains\My_graduation_project_GB\venv\Lib\site-packages\django\contrib\admin\options.py", line 716, in wrapper
    return self.admin_site.admin_view(view)(*args, **kwargs)
           ^^^^^^^^^^^^^^^^^^^^^^^^^^^^^^^^^^^^^^^^^^^^^^^^^
  File "D:\GeekBrains\My_graduation_project_GB\venv\Lib\site-packages\django\utils\decorators.py", line 188, in _view_wrapper
    result = _process_exception(request, e)
             ^^^^^^^^^^^^^^^^^^^^^^^^^^^^^^
  File "D:\GeekBrains\My_graduation_project_GB\venv\Lib\site-packages\django\utils\decorators.py", line 186, in _view_wrapper
    response = view_func(request, *args, **kwargs)
               ^^^^^^^^^^^^^^^^^^^^^^^^^^^^^^^^^^^
  File "D:\GeekBrains\My_graduation_project_GB\venv\Lib\site-packages\django\views\decorators\cache.py", line 80, in _view_wrapper
    response = view_func(request, *args, **kwargs)
               ^^^^^^^^^^^^^^^^^^^^^^^^^^^^^^^^^^^
  File "D:\GeekBrains\My_graduation_project_GB\venv\Lib\site-packages\django\contrib\admin\sites.py", line 240, in inner
    return view(request, *args, **kwargs)
           ^^^^^^^^^^^^^^^^^^^^^^^^^^^^^^
  File "D:\GeekBrains\My_graduation_project_GB\venv\Lib\site-packages\django\utils\decorators.py", line 48, in _wrapper
    return bound_method(*args, **kwargs)
           ^^^^^^^^^^^^^^^^^^^^^^^^^^^^^
  File "D:\GeekBrains\My_graduation_project_GB\venv\Lib\site-packages\django\utils\decorators.py", line 188, in _view_wrapper
    result = _process_exception(request, e)
             ^^^^^^^^^^^^^^^^^^^^^^^^^^^^^^
  File "D:\GeekBrains\My_graduation_project_GB\venv\Lib\site-packages\django\utils\decorators.py", line 186, in _view_wrapper
    response = view_func(request, *args, **kwargs)
               ^^^^^^^^^^^^^^^^^^^^^^^^^^^^^^^^^^^
  File "D:\GeekBrains\My_graduation_project_GB\venv\Lib\site-packages\django\contrib\admin\options.py", line 2124, in changelist_view
    "selection_note": _("0 of %(cnt)s selected") % {"cnt": len(cl.result_list)},
                                                           ^^^^^^^^^^^^^^^^^^^
  File "D:\GeekBrains\My_graduation_project_GB\venv\Lib\site-packages\django\db\models\query.py", line 382, in __len__
    self._fetch_all()
  File "D:\GeekBrains\My_graduation_project_GB\venv\Lib\site-packages\django\db\models\query.py", line 1928, in _fetch_all
    self._result_cache = list(self._iterable_class(self))
                         ^^^^^^^^^^^^^^^^^^^^^^^^^^^^^^^^
  File "D:\GeekBrains\My_graduation_project_GB\venv\Lib\site-packages\django\db\models\query.py", line 91, in __iter__
    results = compiler.execute_sql(
              ^^^^^^^^^^^^^^^^^^^^^
  File "D:\GeekBrains\My_graduation_project_GB\venv\Lib\site-packages\django\db\models\sql\compiler.py", line 1562, in execute_sql
    cursor.execute(sql, params)
  File "D:\GeekBrains\My_graduation_project_GB\venv\Lib\site-packages\django\db\backends\utils.py", line 122, in execute
    return super().execute(sql, params)
           ^^^^^^^^^^^^^^^^^^^^^^^^^^^^
  File "D:\GeekBrains\My_graduation_project_GB\venv\Lib\site-packages\django\db\backends\utils.py", line 79, in execute
    return self._execute_with_wrappers(
           ^^^^^^^^^^^^^^^^^^^^^^^^^^^^
  File "D:\GeekBrains\My_graduation_project_GB\venv\Lib\site-packages\django\db\backends\utils.py", line 92, in _execute_with_wrappers
    return executor(sql, params, many, context)
           ^^^^^^^^^^^^^^^^^^^^^^^^^^^^^^^^^^^^
  File "D:\GeekBrains\My_graduation_project_GB\venv\Lib\site-packages\django\db\backends\utils.py", line 100, in _execute
    with self.db.wrap_database_errors:
  File "D:\GeekBrains\My_graduation_project_GB\venv\Lib\site-packages\django\db\utils.py", line 91, in __exit__
    raise dj_exc_value.with_traceback(traceback) from exc_value
  File "D:\GeekBrains\My_graduation_project_GB\venv\Lib\site-packages\django\db\backends\utils.py", line 105, in _execute
    return self.cursor.execute(sql, params)
           ^^^^^^^^^^^^^^^^^^^^^^^^^^^^^^^^
  File "D:\GeekBrains\My_graduation_project_GB\venv\Lib\site-packages\django\db\backends\sqlite3\base.py", line 329, in execute
    return super().execute(query, params)
           ^^^^^^^^^^^^^^^^^^^^^^^^^^^^^^
django.db.utils.OperationalError: no such column: adminapp_product.description
ERROR 2024-08-21 22:33:04,518 basehttp 16692 17380 "GET /admin/adminapp/product/ HTTP/1.1" 500 180724
INFO 2024-08-21 22:38:28,535 autoreload 18360 15820 Watching for file changes with StatReloader
INFO 2024-08-21 22:38:36,186 basehttp 18360 21116 "GET /admin/adminapp/product/ HTTP/1.1" 200 11322
INFO 2024-08-21 22:38:36,207 basehttp 18360 21116 "GET /admin/jsi18n/ HTTP/1.1" 200 17546
INFO 2024-08-21 22:38:51,611 basehttp 18360 21116 "GET /admin/adminapp/product/ HTTP/1.1" 200 11322
INFO 2024-08-21 22:38:51,629 basehttp 18360 21116 "GET /admin/jsi18n/ HTTP/1.1" 200 17546
INFO 2024-08-21 22:38:54,666 basehttp 18360 21116 "GET /admin/adminapp/product/4/change/ HTTP/1.1" 200 14636
INFO 2024-08-21 22:38:54,686 basehttp 18360 21116 "GET /admin/jsi18n/ HTTP/1.1" 200 17546
INFO 2024-08-21 22:39:31,939 basehttp 18360 21116 "POST /admin/adminapp/product/4/change/ HTTP/1.1" 302 0
INFO 2024-08-21 22:39:31,950 basehttp 18360 21116 "GET /admin/adminapp/product/ HTTP/1.1" 200 11535
INFO 2024-08-21 22:39:31,970 basehttp 18360 21116 "GET /admin/jsi18n/ HTTP/1.1" 200 17546
INFO 2024-08-21 22:39:34,082 basehttp 18360 21116 "GET /admin/adminapp/product/4/change/ HTTP/1.1" 200 14636
INFO 2024-08-21 22:39:34,102 basehttp 18360 21116 "GET /admin/jsi18n/ HTTP/1.1" 200 17546
INFO 2024-08-21 22:39:38,142 basehttp 18360 21116 "GET /admin/adminapp/product/4/history/ HTTP/1.1" 200 8611
INFO 2024-08-21 22:39:41,812 basehttp 18360 21116 "GET /admin/adminapp/product/4/change/ HTTP/1.1" 200 14636
INFO 2024-08-21 22:39:42,939 basehttp 18360 21116 "GET /admin/adminapp/product/ HTTP/1.1" 200 11322
INFO 2024-08-21 22:40:29,778 autoreload 18360 15820 D:\GeekBrains\My_graduation_project_GB\recipesbook\adminapp\admin.py changed, reloading.
INFO 2024-08-21 22:40:30,130 autoreload 19620 15232 Watching for file changes with StatReloader
INFO 2024-08-21 22:41:25,440 autoreload 19620 15232 D:\GeekBrains\My_graduation_project_GB\recipesbook\adminapp\admin.py changed, reloading.
INFO 2024-08-21 22:41:25,780 autoreload 10492 18972 Watching for file changes with StatReloader
INFO 2024-08-21 22:43:33,753 autoreload 20276 13728 Watching for file changes with StatReloader
INFO 2024-08-21 22:43:53,018 basehttp 20276 20196 "GET /admin/adminapp/product/4/change/ HTTP/1.1" 200 14636
INFO 2024-08-21 22:43:53,037 basehttp 20276 20196 "GET /admin/jsi18n/ HTTP/1.1" 200 17546
INFO 2024-08-21 22:44:51,700 basehttp 20276 20196 "GET /admin/adminapp/product/ HTTP/1.1" 200 11839
INFO 2024-08-21 22:59:28,446 autoreload 20276 13728 D:\GeekBrains\My_graduation_project_GB\recipesbook\adminapp\admin.py changed, reloading.
INFO 2024-08-21 22:59:28,797 autoreload 19376 12608 Watching for file changes with StatReloader
INFO 2024-08-21 23:00:22,885 autoreload 19376 12608 D:\GeekBrains\My_graduation_project_GB\recipesbook\adminapp\admin.py changed, reloading.
INFO 2024-08-21 23:00:23,246 autoreload 5940 8132 Watching for file changes with StatReloader
INFO 2024-08-21 23:00:41,528 basehttp 5940 18160 "GET /admin/adminapp/product/ HTTP/1.1" 200 14537
INFO 2024-08-21 23:00:41,549 basehttp 5940 18160 "GET /admin/jsi18n/ HTTP/1.1" 200 17546
INFO 2024-08-21 23:10:06,171 basehttp 5940 4276 "GET /admin/adminapp/product/ HTTP/1.1" 200 14537
INFO 2024-08-21 23:10:06,200 basehttp 5940 4276 "GET /admin/jsi18n/ HTTP/1.1" 200 17546
INFO 2024-08-21 23:14:25,288 autoreload 5940 8132 D:\GeekBrains\My_graduation_project_GB\recipesbook\adminapp\admin.py changed, reloading.
INFO 2024-08-21 23:14:25,791 autoreload 20368 17416 Watching for file changes with StatReloader
INFO 2024-08-21 23:15:53,272 basehttp 20368 15684 "GET /admin/adminapp/product/ HTTP/1.1" 200 14537
INFO 2024-08-21 23:15:53,290 basehttp 20368 15684 "GET /admin/jsi18n/ HTTP/1.1" 200 17546
INFO 2024-08-21 23:16:16,984 basehttp 20368 15684 "GET /admin/adminapp/product/ HTTP/1.1" 200 14537
INFO 2024-08-21 23:16:17,003 basehttp 20368 15684 "GET /admin/jsi18n/ HTTP/1.1" 200 17546
INFO 2024-08-21 23:17:21,970 autoreload 20368 17416 D:\GeekBrains\My_graduation_project_GB\recipesbook\adminapp\admin.py changed, reloading.
INFO 2024-08-21 23:17:22,353 autoreload 16888 8548 Watching for file changes with StatReloader
INFO 2024-08-21 23:17:26,993 basehttp 16888 15920 "GET /admin/adminapp/product/ HTTP/1.1" 200 14600
INFO 2024-08-21 23:17:27,010 basehttp 16888 15920 "GET /admin/jsi18n/ HTTP/1.1" 200 17546
INFO 2024-08-21 23:43:42,951 basehttp 16888 17776 "GET /admin/adminapp/product/4/change/ HTTP/1.1" 200 14636
INFO 2024-08-21 23:43:42,969 basehttp 16888 17776 "GET /admin/jsi18n/ HTTP/1.1" 200 17546
INFO 2024-08-21 23:43:51,109 basehttp 16888 17776 "POST /admin/adminapp/product/4/change/ HTTP/1.1" 302 0
INFO 2024-08-21 23:43:51,122 basehttp 16888 17776 "GET /admin/adminapp/product/ HTTP/1.1" 200 14815
INFO 2024-08-21 23:43:51,142 basehttp 16888 17776 "GET /admin/jsi18n/ HTTP/1.1" 200 17546
INFO 2024-08-21 23:43:59,428 basehttp 16888 17776 "POST /admin/adminapp/product/ HTTP/1.1" 302 0
INFO 2024-08-21 23:43:59,440 basehttp 16888 17776 "GET /admin/adminapp/product/ HTTP/1.1" 200 14600
INFO 2024-08-21 23:43:59,459 basehttp 16888 17776 "GET /admin/jsi18n/ HTTP/1.1" 200 17546
INFO 2024-08-21 23:46:28,037 basehttp 16888 17776 "GET /admin/adminapp/product/4/change/ HTTP/1.1" 200 14636
INFO 2024-08-21 23:46:28,056 basehttp 16888 17776 "GET /admin/jsi18n/ HTTP/1.1" 200 17546
INFO 2024-08-21 23:49:38,140 autoreload 16888 8548 D:\GeekBrains\My_graduation_project_GB\recipesbook\adminapp\admin.py changed, reloading.
INFO 2024-08-21 23:49:38,657 autoreload 20308 10952 Watching for file changes with StatReloader
INFO 2024-08-21 23:50:52,556 basehttp 20308 21248 "GET /admin/adminapp/product/4/change/ HTTP/1.1" 200 13857
INFO 2024-08-21 23:50:52,574 basehttp 20308 21248 "GET /admin/jsi18n/ HTTP/1.1" 200 17546
INFO 2024-08-21 23:54:45,733 basehttp 20308 21248 "GET /admin/adminapp/product/4/change/ HTTP/1.1" 200 13857
INFO 2024-08-21 23:54:45,750 basehttp 20308 21248 "GET /admin/jsi18n/ HTTP/1.1" 200 17546
INFO 2024-08-22 00:01:39,149 autoreload 20308 10952 D:\GeekBrains\My_graduation_project_GB\recipesbook\adminapp\admin.py changed, reloading.
INFO 2024-08-22 00:01:39,528 autoreload 6268 18080 Watching for file changes with StatReloader
INFO 2024-08-22 00:08:02,860 autoreload 6268 18080 D:\GeekBrains\My_graduation_project_GB\recipesbook\adminapp\admin.py changed, reloading.
INFO 2024-08-22 00:08:03,229 autoreload 11632 20048 Watching for file changes with StatReloader
INFO 2024-08-22 00:08:40,151 autoreload 11632 20048 D:\GeekBrains\My_graduation_project_GB\recipesbook\adminapp\admin.py changed, reloading.
INFO 2024-08-22 00:08:40,506 autoreload 16420 16848 Watching for file changes with StatReloader
INFO 2024-08-22 00:08:51,897 autoreload 16420 16848 D:\GeekBrains\My_graduation_project_GB\recipesbook\adminapp\admin.py changed, reloading.
INFO 2024-08-22 00:08:52,276 autoreload 16016 16184 Watching for file changes with StatReloader
INFO 2024-08-22 00:09:33,190 autoreload 16016 16184 D:\GeekBrains\My_graduation_project_GB\recipesbook\adminapp\admin.py changed, reloading.
INFO 2024-08-22 00:09:33,544 autoreload 956 15080 Watching for file changes with StatReloader
INFO 2024-08-22 00:10:46,372 basehttp 956 21288 "GET /admin/adminapp/product/4/change/ HTTP/1.1" 200 15739
INFO 2024-08-22 00:10:46,412 basehttp 956 21288 "GET /admin/jsi18n/ HTTP/1.1" 200 17546
INFO 2024-08-22 00:10:46,477 basehttp 956 21296 "GET /static/admin/js/collapse.js HTTP/1.1" 200 1803
